<?xml version="1.0" encoding="UTF-8"?>
<testng-results skipped="0" failed="0" ignored="0" total="1" passed="1">
  <reporter-output>
  </reporter-output>
  <suite name="Default suite" duration-ms="10897" started-at="2019-10-01T11:02:01Z" finished-at="2019-10-01T11:02:12Z">
    <groups>
    </groups>
    <test name="Default test" duration-ms="10897" started-at="2019-10-01T11:02:01Z" finished-at="2019-10-01T11:02:12Z">
      <class name="ocr_image.ocr">
        <test-method status="PASS" signature="test()[pri:0, instance:ocr_image.ocr@14b0e127]" name="test" duration-ms="10853" started-at="2019-10-01T11:02:01Z" finished-at="2019-10-01T11:02:12Z">
          <reporter-output>
          </reporter-output>
        </test-method> <!-- test -->
      </class> <!-- ocr_image.ocr -->
    </test> <!-- Default test -->
  </suite> <!-- Default suite -->
</testng-results>
