<?xml version="1.0" encoding="UTF-8"?>
<testng-results skipped="0" failed="0" total="1" passed="1">
  <reporter-output>
  </reporter-output>
  <suite name="Default suite" duration-ms="10714" started-at="2019-07-02T20:32:18Z" finished-at="2019-07-02T20:32:29Z">
    <groups>
    </groups>
    <test name="Default test" duration-ms="10714" started-at="2019-07-02T20:32:18Z" finished-at="2019-07-02T20:32:29Z">
      <class name="testig.Captcha.App">
        <test-method status="PASS" signature="captcha()" name="captcha" duration-ms="10699" started-at="2019-07-02T20:32:18Z" finished-at="2019-07-02T20:32:29Z">
        </test-method>
      </class>
    </test>
  </suite>
</testng-results>
